<?xml version="1.0" encoding="UTF-8"?>
<!-- Generated by org.testng.reporters.JUnitXMLReporter -->
<testsuite ignored="0" hostname="LAPTOP-6QAK9GMR" failures="0" tests="4" name="GoogleHomePage Test" time="35.209" errors="0" timestamp="2022-02-18T12:24:00 PST">
  <testcase classname="com.google.testcases.TC_click_feelinglucky" name="feelinglucky" time="5.554"/>
  <testcase classname="com.google.testcases.TC_brokenLinks" name="broken_links" time="5.447"/>
  <testcase classname="com.google.testcases.TC_Images_link_test" name="ImageLink_Test" time="1.96"/>
  <testcase classname="com.google.testcases.TC_openGoogleApps" name="clickGoogleApps" time="4.542"/>
</testsuite> <!-- GoogleHomePage Test -->
