<?xml version="1.0" encoding="UTF-8"?>
<!-- Generated by org.testng.reporters.JUnitXMLReporter -->
<testsuite ignored="0" hostname="LAPTOP-6QAK9GMR" failures="0" tests="4" name="GoogleHomePage Test" time="27.962" errors="0" timestamp="2022-02-18T17:13:56 PST">
  <testcase classname="com.google.testcases.TC_click_feelinglucky" name="feelinglucky" time="3.738"/>
  <testcase classname="com.google.testcases.TC_brokenLinks" name="broken_links" time="5.793"/>
  <testcase classname="com.google.testcases.TC_Images_link_test" name="ImageLink_Test" time="1.732"/>
  <testcase classname="com.google.testcases.TC_openGoogleApps" name="clickGoogleApps" time="3.877"/>
</testsuite> <!-- GoogleHomePage Test -->
