<?xml version="1.0" encoding="UTF-8"?>
<testsuite name="TestSuite" time="15.16" tests="4" errors="0" skipped="0" failures="0">
  <properties>
[...]
</properties>
  <testcase name="feelinglucky" classname="com.google.testcases.TC_click_feelinglucky" time="3.757"/>
  <testcase name="broken_links" classname="com.google.testcases.TC_brokenLinks" time="5.793"/>
  <testcase name="ImageLink_Test" classname="com.google.testcases.TC_Images_link_test" time="1.732"/>
  <testcase name="clickGoogleApps" classname="com.google.testcases.TC_openGoogleApps" time="3.878"/>
</testsuite>