<?xml version="1.0" encoding="UTF-8"?>
<testng-results ignored="0" total="4" passed="4" failed="0" skipped="0">
  <reporter-output>
  </reporter-output>
  <suite started-at="2022-02-18T12:23:24 PST" name="GoogleV1" finished-at="2022-02-18T12:24:00 PST" duration-ms="35209">
    <groups>
    </groups>
    <test started-at="2022-02-18T12:23:24 PST" name="GoogleHomePage Test" finished-at="2022-02-18T12:24:00 PST" duration-ms="35209">
      <class name="com.google.testcases.TC_Images_link_test">
        <test-method is-config="true" signature="setup(java.lang.String)[pri:0, instance:com.google.testcases.TC_Images_link_test@1af2d44a]" started-at="2022-02-18T12:23:48 PST" name="setup" finished-at="2022-02-18T12:23:50 PST" duration-ms="2000" status="PASS">
          <params>
            <param index="0">
              <value>
                <![CDATA[edge]]>
              </value>
            </param>
          </params>
          <reporter-output>
          </reporter-output>
        </test-method> <!-- setup -->
        <test-method signature="ImageLink_Test()[pri:0, instance:com.google.testcases.TC_Images_link_test@1af2d44a]" started-at="2022-02-18T12:23:50 PST" name="ImageLink_Test" finished-at="2022-02-18T12:23:52 PST" duration-ms="1960" status="PASS">
          <reporter-output>
          </reporter-output>
        </test-method> <!-- ImageLink_Test -->
        <test-method is-config="true" signature="teardown()[pri:0, instance:com.google.testcases.TC_Images_link_test@1af2d44a]" started-at="2022-02-18T12:23:52 PST" name="teardown" finished-at="2022-02-18T12:23:53 PST" duration-ms="233" status="PASS">
          <reporter-output>
          </reporter-output>
        </test-method> <!-- teardown -->
      </class> <!-- com.google.testcases.TC_Images_link_test -->
      <class name="com.google.testcases.TC_openGoogleApps">
        <test-method is-config="true" signature="setup(java.lang.String)[pri:0, instance:com.google.testcases.TC_openGoogleApps@18d87d80]" started-at="2022-02-18T12:23:53 PST" name="setup" finished-at="2022-02-18T12:23:55 PST" duration-ms="2060" status="PASS">
          <params>
            <param index="0">
              <value>
                <![CDATA[edge]]>
              </value>
            </param>
          </params>
          <reporter-output>
          </reporter-output>
        </test-method> <!-- setup -->
        <test-method signature="clickGoogleApps(java.lang.String)[pri:0, instance:com.google.testcases.TC_openGoogleApps@18d87d80]" started-at="2022-02-18T12:23:55 PST" name="clickGoogleApps" finished-at="2022-02-18T12:23:59 PST" duration-ms="4542" status="PASS">
          <params>
            <param index="0">
              <value>
                <![CDATA[youtube]]>
              </value>
            </param>
          </params>
          <reporter-output>
          </reporter-output>
        </test-method> <!-- clickGoogleApps -->
        <test-method is-config="true" signature="teardown()[pri:0, instance:com.google.testcases.TC_openGoogleApps@18d87d80]" started-at="2022-02-18T12:23:59 PST" name="teardown" finished-at="2022-02-18T12:24:00 PST" duration-ms="220" status="PASS">
          <reporter-output>
          </reporter-output>
        </test-method> <!-- teardown -->
      </class> <!-- com.google.testcases.TC_openGoogleApps -->
      <class name="com.google.testcases.TC_brokenLinks">
        <test-method is-config="true" signature="setup(java.lang.String)[pri:0, instance:com.google.testcases.TC_brokenLinks@1e04fa0a]" started-at="2022-02-18T12:23:41 PST" name="setup" finished-at="2022-02-18T12:23:43 PST" duration-ms="2075" status="PASS">
          <params>
            <param index="0">
              <value>
                <![CDATA[edge]]>
              </value>
            </param>
          </params>
          <reporter-output>
          </reporter-output>
        </test-method> <!-- setup -->
        <test-method signature="broken_links()[pri:0, instance:com.google.testcases.TC_brokenLinks@1e04fa0a]" started-at="2022-02-18T12:23:43 PST" name="broken_links" finished-at="2022-02-18T12:23:48 PST" duration-ms="5447" status="PASS">
          <reporter-output>
          </reporter-output>
        </test-method> <!-- broken_links -->
        <test-method is-config="true" signature="teardown()[pri:0, instance:com.google.testcases.TC_brokenLinks@1e04fa0a]" started-at="2022-02-18T12:23:48 PST" name="teardown" finished-at="2022-02-18T12:23:48 PST" duration-ms="259" status="PASS">
          <reporter-output>
          </reporter-output>
        </test-method> <!-- teardown -->
      </class> <!-- com.google.testcases.TC_brokenLinks -->
      <class name="com.google.testcases.TC_click_feelinglucky">
        <test-method is-config="true" signature="setup(java.lang.String)[pri:0, instance:com.google.testcases.TC_click_feelinglucky@66d3eec0]" started-at="2022-02-18T12:23:24 PST" name="setup" finished-at="2022-02-18T12:23:35 PST" duration-ms="10368" status="PASS">
          <params>
            <param index="0">
              <value>
                <![CDATA[edge]]>
              </value>
            </param>
          </params>
          <reporter-output>
          </reporter-output>
        </test-method> <!-- setup -->
        <test-method signature="feelinglucky(java.lang.String)[pri:0, instance:com.google.testcases.TC_click_feelinglucky@66d3eec0]" started-at="2022-02-18T12:23:35 PST" name="feelinglucky" finished-at="2022-02-18T12:23:40 PST" duration-ms="5554" status="PASS">
          <params>
            <param index="0">
              <value>
                <![CDATA[smartx]]>
              </value>
            </param>
          </params>
          <reporter-output>
          </reporter-output>
        </test-method> <!-- feelinglucky -->
        <test-method is-config="true" signature="teardown()[pri:0, instance:com.google.testcases.TC_click_feelinglucky@66d3eec0]" started-at="2022-02-18T12:23:40 PST" name="teardown" finished-at="2022-02-18T12:23:41 PST" duration-ms="266" status="PASS">
          <reporter-output>
          </reporter-output>
        </test-method> <!-- teardown -->
      </class> <!-- com.google.testcases.TC_click_feelinglucky -->
    </test> <!-- GoogleHomePage Test -->
  </suite> <!-- GoogleV1 -->
</testng-results>
